Reading netlist file: "D:\A_my_project\Gaowin\Briey_SOC\impl\gwsynthesis\Briey_SOC.vg"
Parsing netlist file "D:\A_my_project\Gaowin\Briey_SOC\impl\gwsynthesis\Briey_SOC.vg" completed
Processing netlist completed
Reading constraint file: "D:\A_my_project\Gaowin\Briey_SOC\src\Briey_SOC.cst"
Physical Constraint parsed completed
Running placement......
[10%] Placement Phase 0 completed
[20%] Placement Phase 1 completed
[30%] Placement Phase 2 completed
[50%] Placement Phase 3 completed
Running routing......
[60%] Routing Phase 0 completed
[70%] Routing Phase 1 completed
[80%] Routing Phase 2 completed
WARN  (PR1014) : Generic routing resource will be used to clock signal 'mcu_TCK_1' by the specified constraint. And then it may lead to the excessive delay or skew
[90%] Routing Phase 3 completed
Running timing analysis......
[95%] Timing analysis completed
Placement and routing completed
Bitstream generation in progress......
Bitstream generation completed
Generate file "D:\A_my_project\Gaowin\Briey_SOC\impl\pnr\Briey_SOC.pin.html" completed
Generate file "D:\A_my_project\Gaowin\Briey_SOC\impl\pnr\Briey_SOC.rpt.html" completed
Generate file "D:\A_my_project\Gaowin\Briey_SOC\impl\pnr\Briey_SOC.rpt.txt" completed
Generate file "D:\A_my_project\Gaowin\Briey_SOC\impl\pnr\Briey_SOC.tr.html" completed
Thu Oct 24 20:27:39 2024

